e:\finaltask\preciselocate\preciselocate\x64\debug\logwidget.obj
e:\finaltask\preciselocate\preciselocate\x64\debug\camerapara.obj
e:\finaltask\preciselocate\preciselocate\x64\debug\filter.obj
e:\finaltask\preciselocate\preciselocate\x64\debug\locatewidget.obj
e:\finaltask\preciselocate\preciselocate\x64\debug\main.obj
e:\finaltask\preciselocate\preciselocate\x64\debug\preciselocate.obj
e:\finaltask\preciselocate\preciselocate\x64\debug\chishine.obj
e:\finaltask\preciselocate\preciselocate\x64\debug\registrationhelper.obj
e:\finaltask\preciselocate\preciselocate\x64\debug\viewerwidget.obj
e:\finaltask\preciselocate\preciselocate\x64\debug\registrationmethod.obj
e:\finaltask\preciselocate\preciselocate\x64\debug\vc142.pdb
e:\finaltask\preciselocate\preciselocate\x64\debug\moc_camerapara.obj
e:\finaltask\preciselocate\preciselocate\x64\debug\moc_preciselocate.obj
e:\finaltask\preciselocate\preciselocate\x64\debug\qrc_preciselocate.obj
e:\finaltask\preciselocate\preciselocate\x64\debug\moc_viewerwidget.obj
e:\finaltask\preciselocate\preciselocate\x64\debug\moc_locatewidget.obj
e:\finaltask\preciselocate\preciselocate\x64\debug\moc_logwidget.obj
e:\finaltask\preciselocate\x64\debug\preciselocate.exe
e:\finaltask\preciselocate\x64\debug\preciselocate.ilk
e:\finaltask\preciselocate\x64\debug\preciselocate.pdb
e:\finaltask\preciselocate\preciselocate\x64\debug\moc\moc_locatewidget.cpp
e:\finaltask\preciselocate\preciselocate\x64\debug\uic\ui_camerapara.h
e:\finaltask\preciselocate\preciselocate\x64\debug\uic\ui_locatewidget.h
e:\finaltask\preciselocate\preciselocate\x64\debug\uic\ui_logwidget.h
e:\finaltask\preciselocate\preciselocate\x64\debug\uic\ui_preciselocate.h
e:\finaltask\preciselocate\preciselocate\x64\debug\uic\ui_viewerwidget.h
e:\finaltask\preciselocate\preciselocate\x64\debug\rcc\qrc_preciselocate.cpp
e:\finaltask\preciselocate\preciselocate\x64\debug\moc\moc_preciselocate.cpp
e:\finaltask\preciselocate\preciselocate\x64\debug\moc\moc_viewerwidget.cpp
e:\finaltask\preciselocate\preciselocate\x64\debug\moc\moc_logwidget.cpp
e:\finaltask\preciselocate\preciselocate\x64\debug\moc\moc_camerapara.cpp
e:\finaltask\preciselocate\preciselocate\x64\debug\preciselocate.tlog\cl.command.1.tlog
e:\finaltask\preciselocate\preciselocate\x64\debug\preciselocate.tlog\cl.read.1.tlog
e:\finaltask\preciselocate\preciselocate\x64\debug\preciselocate.tlog\cl.write.1.tlog
e:\finaltask\preciselocate\preciselocate\x64\debug\preciselocate.tlog\link.command.1.tlog
e:\finaltask\preciselocate\preciselocate\x64\debug\preciselocate.tlog\link.read.1.tlog
e:\finaltask\preciselocate\preciselocate\x64\debug\preciselocate.tlog\link.write.1.tlog
e:\finaltask\preciselocate\preciselocate\x64\debug\preciselocate.tlog\moc.read.1u.tlog
e:\finaltask\preciselocate\preciselocate\x64\debug\preciselocate.tlog\moc.write.1u.tlog
e:\finaltask\preciselocate\preciselocate\x64\debug\preciselocate.tlog\preciselocate.write.1u.tlog
e:\finaltask\preciselocate\preciselocate\x64\debug\preciselocate.tlog\rcc.read.1u.tlog
e:\finaltask\preciselocate\preciselocate\x64\debug\preciselocate.tlog\rcc.write.1u.tlog
e:\finaltask\preciselocate\preciselocate\x64\debug\preciselocate.tlog\uic.read.1u.tlog
e:\finaltask\preciselocate\preciselocate\x64\debug\preciselocate.tlog\uic.write.1u.tlog
